<?xml version="1.0" encoding="UTF-8"?>
<testsuite xmlns:xsi="http://www.w3.org/2001/XMLSchema-instance" xsi:noNamespaceSchemaLocation="https://maven.apache.org/surefire/maven-surefire-plugin/xsd/surefire-test-report-3.0.xsd" version="3.0" name="TestSuite" time="38.305" tests="8" errors="0" skipped="0" failures="0">
  <properties>
[...]
</properties>
  <testcase name="runScenario[&quot;Login with valid credentials&quot;, &quot;OrangehrmLive&quot;](1)" classname="com.example.runner.CucumberRunnerTests" time="5.72">
    <system-err><![CDATA[SLF4J: Failed to load class "org.slf4j.impl.StaticLoggerBinder".
SLF4J: Defaulting to no-operation (NOP) logger implementation
SLF4J: See http://www.slf4j.org/codes.html#StaticLoggerBinder for further details.
]]></system-err>
  </testcase>
  <testcase name="runScenario[&quot;Login with invalid credentials&quot;, &quot;OrangehrmLive&quot;](2)" classname="com.example.runner.CucumberRunnerTests" time="5.369"/>
  <testcase name="runScenario[&quot;Login with invalid credentials&quot;, &quot;OrangehrmLive&quot;](3)" classname="com.example.runner.CucumberRunnerTests" time="4.526"/>
  <testcase name="runScenario[&quot;Login with invalid credentials&quot;, &quot;OrangehrmLive&quot;](4)" classname="com.example.runner.CucumberRunnerTests" time="4.639"/>
  <testcase name="runScenario[&quot;Login with blank username&quot;, &quot;OrangehrmLive&quot;](5)" classname="com.example.runner.CucumberRunnerTests" time="3.826"/>
  <testcase name="runScenario[&quot;Verify FaceBook Icon on Login Page&quot;, &quot;OrangehrmLive&quot;](6)" classname="com.example.runner.CucumberRunnerTests" time="3.609"/>
  <testcase name="runScenario[&quot;Verify LinkedIn Icon on Login Page&quot;, &quot;OrangehrmLive&quot;](7)" classname="com.example.runner.CucumberRunnerTests" time="3.696"/>
  <testcase name="runScenario[&quot;Verify ForgetPassword link on Login Page&quot;, &quot;OrangehrmLive&quot;](8)" classname="com.example.runner.CucumberRunnerTests" time="4.034"/>
</testsuite>